{
  "RSpec": {
    "coverage": {
      "/Users/elizabethchan/Desktop/Makers Academy/week3/Intro_to_the_web/Battle/spec/features/feature_spec.rb": [
        1,
        1,
        null,
        1,
        null,
        1,
        1,
        1,
        null,
        null,
        1,
        1,
        1,
        null,
        null,
        1,
        1,
        1,
        null,
        null,
        1,
        1,
        1,
        null,
        null,
        1,
        1,
        1,
        1,
        null,
        null
      ],
      "/Users/elizabethchan/Desktop/Makers Academy/week3/Intro_to_the_web/Battle/spec/game_spec.rb": [
        1,
        null,
        1,
        null,
        1,
        2,
        2,
        2,
        null,
        1,
        1,
        1,
        null,
        null,
        null
      ],
      "/Users/elizabethchan/Desktop/Makers Academy/week3/Intro_to_the_web/Battle/spec/player_spec.rb": [
        1,
        null,
        1,
        3,
        null,
        1,
        1,
        null,
        null,
        1,
        4,
        null,
        null,
        null
      ]
    },
    "timestamp": 1503071576
  }
}
